This file contains any messages produced by compilers while
running configure, to aid debugging if configure makes a mistake.

It was created by xfig configure 3.2.8a, which was
generated by GNU Autoconf 2.71.  Invocation command line was

  $ ./configure --prefix=/usr --with-appdefaultdir=/etc/X11/app-defaults

## --------- ##
## Platform. ##
## --------- ##

hostname = ip-172-31-89-159
uname -m = x86_64
uname -r = 5.13.0-1021-aws
uname -s = Linux
uname -v = #23~20.04.2-Ubuntu SMP Thu Mar 31 11:36:15 UTC 2022

/usr/bin/uname -p = x86_64
/bin/uname -X     = unknown

/bin/arch              = x86_64
/usr/bin/arch -k       = unknown
/usr/convex/getsysinfo = unknown
/usr/bin/hostinfo      = unknown
/bin/machine           = unknown
/usr/bin/oslevel       = unknown
/bin/universe          = unknown

PATH: /sbin/
PATH: /bin/
PATH: /usr/bin/
PATH: /usr/local/bin/
PATH: /snap/bin/


## ----------- ##
## Core tests. ##
## ----------- ##

configure:2627: looking for aux files: ar-lib compile missing install-sh
configure:2640:  trying ./
configure:2669:   ./ar-lib found
configure:2669:   ./compile found
configure:2669:   ./missing found
configure:2651:   ./install-sh found
configure:2813: checking for a BSD-compatible install
configure:2886: result: /bin/install -c
configure:2897: checking whether build environment is sane
configure:2952: result: yes
configure:3109: checking for a race-free mkdir -p
configure:3153: result: /bin/mkdir -p
configure:3160: checking for gawk
configure:3181: found /bin/gawk
configure:3192: result: gawk
configure:3203: checking whether make sets $(MAKE)
configure:3226: result: yes
configure:3256: checking whether make supports nested variables
configure:3274: result: yes
configure:3471: checking for gcc
configure:3492: found /bin/gcc
configure:3503: result: gcc
configure:3856: checking for C compiler version
configure:3865: gcc --version >&5
gcc (Ubuntu 9.4.0-1ubuntu1~20.04.1) 9.4.0
Copyright (C) 2019 Free Software Foundation, Inc.
This is free software; see the source for copying conditions.  There is NO
warranty; not even for MERCHANTABILITY or FITNESS FOR A PARTICULAR PURPOSE.

configure:3876: $? = 0
configure:3865: gcc -v >&5
Using built-in specs.
COLLECT_GCC=gcc
COLLECT_LTO_WRAPPER=/usr/lib/gcc/x86_64-linux-gnu/9/lto-wrapper
OFFLOAD_TARGET_NAMES=nvptx-none:hsa
OFFLOAD_TARGET_DEFAULT=1
Target: x86_64-linux-gnu
Configured with: ../src/configure -v --with-pkgversion='Ubuntu 9.4.0-1ubuntu1~20.04.1' --with-bugurl=file:///usr/share/doc/gcc-9/README.Bugs --enable-languages=c,ada,c++,go,brig,d,fortran,objc,obj-c++,gm2 --prefix=/usr --with-gcc-major-version-only --program-suffix=-9 --program-prefix=x86_64-linux-gnu- --enable-shared --enable-linker-build-id --libexecdir=/usr/lib --without-included-gettext --enable-threads=posix --libdir=/usr/lib --enable-nls --enable-clocale=gnu --enable-libstdcxx-debug --enable-libstdcxx-time=yes --with-default-libstdcxx-abi=new --enable-gnu-unique-object --disable-vtable-verify --enable-plugin --enable-default-pie --with-system-zlib --with-target-system-zlib=auto --enable-objc-gc=auto --enable-multiarch --disable-werror --with-arch-32=i686 --with-abi=m64 --with-multilib-list=m32,m64,mx32 --enable-multilib --with-tune=generic --enable-offload-targets=nvptx-none=/build/gcc-9-Av3uEd/gcc-9-9.4.0/debian/tmp-nvptx/usr,hsa --without-cuda-driver --enable-checking=release --build=x86_64-linux-gnu --host=x86_64-linux-gnu --target=x86_64-linux-gnu
Thread model: posix
gcc version 9.4.0 (Ubuntu 9.4.0-1ubuntu1~20.04.1) 
configure:3876: $? = 0
configure:3865: gcc -V >&5
gcc: error: unrecognized command line option '-V'
gcc: fatal error: no input files
compilation terminated.
configure:3876: $? = 1
configure:3865: gcc -qversion >&5
gcc: error: unrecognized command line option '-qversion'; did you mean '--version'?
gcc: fatal error: no input files
compilation terminated.
configure:3876: $? = 1
configure:3865: gcc -version >&5
gcc: error: unrecognized command line option '-version'
gcc: fatal error: no input files
compilation terminated.
configure:3876: $? = 1
configure:3896: checking whether the C compiler works
configure:3918: gcc    conftest.c  >&5
configure:3922: $? = 0
configure:3972: result: yes
configure:3975: checking for C compiler default output file name
configure:3977: result: a.out
configure:3983: checking for suffix of executables
configure:3990: gcc -o conftest    conftest.c  >&5
configure:3994: $? = 0
configure:4017: result: 
configure:4039: checking whether we are cross compiling
configure:4047: gcc -o conftest    conftest.c  >&5
configure:4051: $? = 0
configure:4058: ./conftest
configure:4062: $? = 0
configure:4050: result: no
configure:4055: checking for suffix of object files
configure:4078: gcc -c   conftest.c >&5
configure:4082: $? = 0
configure:4104: result: o
configure:4108: checking whether the compiler supports GNU C
configure:4128: gcc -c   conftest.c >&5
configure:4128: $? = 0
configure:4138: result: yes
configure:4149: checking whether gcc accepts -g
configure:4170: gcc -c -g  conftest.c >&5
configure:4170: $? = 0
configure:4214: result: yes
configure:4234: checking for gcc option to enable C11 features
configure:4249: gcc  -c -g -O2  conftest.c >&5
configure:4249: $? = 0
configure:4267: result: none needed
configure:4383: checking whether gcc understands -c and -o together
configure:4406: gcc -c conftest.c -o conftest2.o
configure:4409: $? = 0
configure:4406: gcc -c conftest.c -o conftest2.o
configure:4409: $? = 0
configure:4421: result: yes
configure:4441: checking whether make supports the include directive
configure:4456: make -f confmf.GNU && cat confinc.out
this is the am__doit target
configure:4459: $? = 0
configure:4478: result: yes (GNU style)
configure:4504: checking dependency style of gcc
configure:4616: result: gcc3
configure:4632: checking for inline
configure:4649: gcc -c -g -O2  conftest.c >&5
configure:4649: $? = 0
configure:4658: result: inline
configure:4676: checking for grep that handles long lines and -e
configure:4740: result: /bin/grep
configure:4745: checking for fgrep
configure:4813: result: /bin/grep -F
configure:4818: checking whether ln -s works
configure:4822: result: yes
configure:4881: checking for ranlib
configure:4902: found /bin/ranlib
configure:4913: result: ranlib
configure:4935: checking for a sed that does not truncate output
configure:5005: result: /bin/sed
configure:5065: checking for ar
configure:5086: found /bin/ar
configure:5097: result: ar
configure:5123: checking the archiver (ar) interface
configure:5140: gcc -c -g -O2  conftest.c >&5
configure:5140: $? = 0
configure:5143: ar cru libconftest.a conftest.o >&5
ar: `u' modifier ignored since `D' is the default (see `U')
configure:5146: $? = 0
configure:5145: result: ar
configure:5175: checking for library containing pow
configure:5205: gcc -o conftest -g -O2   conftest.c  >&5
conftest.c:17:6: warning: conflicting types for built-in function 'pow'; expected 'double(double,  double)' [-Wbuiltin-declaration-mismatch]
   17 | char pow ();
      |      ^~~
conftest.c:1:1: note: 'pow' is declared in header '<math.h>'
    1 | /* confdefs.h */
/bin/ld: /tmp/ccCK5S6f.o: in function `main':
/home/ubuntu/Desktop/xfig-3.2.8a/conftest.c:21: undefined reference to `pow'
collect2: error: ld returned 1 exit status
configure:5205: $? = 1
configure: failed program was:
| /* confdefs.h */
| #define PACKAGE_NAME "xfig"
| #define PACKAGE_TARNAME "xfig"
| #define PACKAGE_VERSION "3.2.8a"
| #define PACKAGE_STRING "xfig 3.2.8a"
| #define PACKAGE_BUGREPORT "thomas.loimer@tuwien.ac.at"
| #define PACKAGE_URL "https://sourceforge.net/projects/mcj/"
| #define PROTOCOL_VERSION "3.2"
| #define RELEASE_YEAR "2021"
| #define PACKAGE "xfig"
| #define VERSION "3.2.8a"
| /* end confdefs.h.  */
| 
| /* Override any GCC internal prototype to avoid an error.
|    Use char because int might match the return type of a GCC
|    builtin and then its argument prototype would still apply.  */
| char pow ();
| int
| main (void)
| {
| return pow ();
|   ;
|   return 0;
| }
configure:5205: gcc -o conftest -g -O2   conftest.c -lm   >&5
conftest.c:17:6: warning: conflicting types for built-in function 'pow'; expected 'double(double,  double)' [-Wbuiltin-declaration-mismatch]
   17 | char pow ();
      |      ^~~
conftest.c:1:1: note: 'pow' is declared in header '<math.h>'
    1 | /* confdefs.h */
configure:5205: $? = 0
configure:5225: result: -lm
configure:5239: checking for dirent.h that defines DIR
configure:5259: gcc -c -g -O2  conftest.c >&5
configure:5259: $? = 0
configure:5268: result: yes
configure:5282: checking for library containing opendir
configure:5312: gcc -o conftest -g -O2   conftest.c -lm  >&5
configure:5312: $? = 0
configure:5332: result: none required
configure:5407: checking for stdio.h
configure:5407: gcc -c -g -O2  conftest.c >&5
configure:5407: $? = 0
configure:5407: result: yes
configure:5407: checking for stdlib.h
configure:5407: gcc -c -g -O2  conftest.c >&5
configure:5407: $? = 0
configure:5407: result: yes
configure:5407: checking for string.h
configure:5407: gcc -c -g -O2  conftest.c >&5
configure:5407: $? = 0
configure:5407: result: yes
configure:5407: checking for inttypes.h
configure:5407: gcc -c -g -O2  conftest.c >&5
configure:5407: $? = 0
configure:5407: result: yes
configure:5407: checking for stdint.h
configure:5407: gcc -c -g -O2  conftest.c >&5
configure:5407: $? = 0
configure:5407: result: yes
configure:5407: checking for strings.h
configure:5407: gcc -c -g -O2  conftest.c >&5
configure:5407: $? = 0
configure:5407: result: yes
configure:5407: checking for sys/stat.h
configure:5407: gcc -c -g -O2  conftest.c >&5
configure:5407: $? = 0
configure:5407: result: yes
configure:5407: checking for sys/types.h
configure:5407: gcc -c -g -O2  conftest.c >&5
configure:5407: $? = 0
configure:5407: result: yes
configure:5407: checking for unistd.h
configure:5407: gcc -c -g -O2  conftest.c >&5
configure:5407: $? = 0
configure:5407: result: yes
configure:5407: checking for sys/time.h
configure:5407: gcc -c -g -O2  conftest.c >&5
configure:5407: $? = 0
configure:5407: result: yes
configure:5407: checking for vfork.h
configure:5407: gcc -c -g -O2  conftest.c >&5
conftest.c:52:10: fatal error: vfork.h: No such file or directory
   52 | #include <vfork.h>
      |          ^~~~~~~~~
compilation terminated.
configure:5407: $? = 1
configure: failed program was:
| /* confdefs.h */
| #define PACKAGE_NAME "xfig"
| #define PACKAGE_TARNAME "xfig"
| #define PACKAGE_VERSION "3.2.8a"
| #define PACKAGE_STRING "xfig 3.2.8a"
| #define PACKAGE_BUGREPORT "thomas.loimer@tuwien.ac.at"
| #define PACKAGE_URL "https://sourceforge.net/projects/mcj/"
| #define PROTOCOL_VERSION "3.2"
| #define RELEASE_YEAR "2021"
| #define PACKAGE "xfig"
| #define VERSION "3.2.8a"
| #define HAVE_DIRENT_H 1
| #define HAVE_STDIO_H 1
| #define HAVE_STDLIB_H 1
| #define HAVE_STRING_H 1
| #define HAVE_INTTYPES_H 1
| #define HAVE_STDINT_H 1
| #define HAVE_STRINGS_H 1
| #define HAVE_SYS_STAT_H 1
| #define HAVE_SYS_TYPES_H 1
| #define HAVE_UNISTD_H 1
| #define HAVE_SYS_TIME_H 1
| /* end confdefs.h.  */
| #include <stddef.h>
| #ifdef HAVE_STDIO_H
| # include <stdio.h>
| #endif
| #ifdef HAVE_STDLIB_H
| # include <stdlib.h>
| #endif
| #ifdef HAVE_STRING_H
| # include <string.h>
| #endif
| #ifdef HAVE_INTTYPES_H
| # include <inttypes.h>
| #endif
| #ifdef HAVE_STDINT_H
| # include <stdint.h>
| #endif
| #ifdef HAVE_STRINGS_H
| # include <strings.h>
| #endif
| #ifdef HAVE_SYS_TYPES_H
| # include <sys/types.h>
| #endif
| #ifdef HAVE_SYS_STAT_H
| # include <sys/stat.h>
| #endif
| #ifdef HAVE_UNISTD_H
| # include <unistd.h>
| #endif
| #include <vfork.h>
configure:5407: result: no
configure:5446: checking how to run the C preprocessor
configure:5472: gcc -E  conftest.c
configure:5472: $? = 0
configure:5487: gcc -E  conftest.c
conftest.c:25:10: fatal error: ac_nonexistent.h: No such file or directory
   25 | #include <ac_nonexistent.h>
      |          ^~~~~~~~~~~~~~~~~~
compilation terminated.
configure:5487: $? = 1
configure: failed program was:
| /* confdefs.h */
| #define PACKAGE_NAME "xfig"
| #define PACKAGE_TARNAME "xfig"
| #define PACKAGE_VERSION "3.2.8a"
| #define PACKAGE_STRING "xfig 3.2.8a"
| #define PACKAGE_BUGREPORT "thomas.loimer@tuwien.ac.at"
| #define PACKAGE_URL "https://sourceforge.net/projects/mcj/"
| #define PROTOCOL_VERSION "3.2"
| #define RELEASE_YEAR "2021"
| #define PACKAGE "xfig"
| #define VERSION "3.2.8a"
| #define HAVE_DIRENT_H 1
| #define HAVE_STDIO_H 1
| #define HAVE_STDLIB_H 1
| #define HAVE_STRING_H 1
| #define HAVE_INTTYPES_H 1
| #define HAVE_STDINT_H 1
| #define HAVE_STRINGS_H 1
| #define HAVE_SYS_STAT_H 1
| #define HAVE_SYS_TYPES_H 1
| #define HAVE_UNISTD_H 1
| #define HAVE_SYS_TIME_H 1
| #define STDC_HEADERS 1
| /* end confdefs.h.  */
| #include <ac_nonexistent.h>
configure:5514: result: gcc -E
configure:5528: gcc -E  conftest.c
configure:5528: $? = 0
configure:5543: gcc -E  conftest.c
conftest.c:25:10: fatal error: ac_nonexistent.h: No such file or directory
   25 | #include <ac_nonexistent.h>
      |          ^~~~~~~~~~~~~~~~~~
compilation terminated.
configure:5543: $? = 1
configure: failed program was:
| /* confdefs.h */
| #define PACKAGE_NAME "xfig"
| #define PACKAGE_TARNAME "xfig"
| #define PACKAGE_VERSION "3.2.8a"
| #define PACKAGE_STRING "xfig 3.2.8a"
| #define PACKAGE_BUGREPORT "thomas.loimer@tuwien.ac.at"
| #define PACKAGE_URL "https://sourceforge.net/projects/mcj/"
| #define PROTOCOL_VERSION "3.2"
| #define RELEASE_YEAR "2021"
| #define PACKAGE "xfig"
| #define VERSION "3.2.8a"
| #define HAVE_DIRENT_H 1
| #define HAVE_STDIO_H 1
| #define HAVE_STDLIB_H 1
| #define HAVE_STRING_H 1
| #define HAVE_INTTYPES_H 1
| #define HAVE_STDINT_H 1
| #define HAVE_STRINGS_H 1
| #define HAVE_SYS_STAT_H 1
| #define HAVE_SYS_TYPES_H 1
| #define HAVE_UNISTD_H 1
| #define HAVE_SYS_TIME_H 1
| #define STDC_HEADERS 1
| /* end confdefs.h.  */
| #include <ac_nonexistent.h>
configure:5574: checking for X
configure:5612: gcc -o conftest -g -O2   conftest.c -lX11 -lm  >&5
configure:5612: $? = 0
configure:5799: result: libraries , headers 
configure:5822: checking for X11/X.h
configure:5822: gcc -c -g -O2  conftest.c >&5
configure:5822: $? = 0
configure:5822: result: yes
configure:5831: checking for ghostscript/iapi.h
configure:5831: gcc -c -g -O2  conftest.c >&5
conftest.c:54:10: fatal error: ghostscript/iapi.h: No such file or directory
   54 | #include <ghostscript/iapi.h>
      |          ^~~~~~~~~~~~~~~~~~~~
compilation terminated.
configure:5831: $? = 1
configure: failed program was:
| /* confdefs.h */
| #define PACKAGE_NAME "xfig"
| #define PACKAGE_TARNAME "xfig"
| #define PACKAGE_VERSION "3.2.8a"
| #define PACKAGE_STRING "xfig 3.2.8a"
| #define PACKAGE_BUGREPORT "thomas.loimer@tuwien.ac.at"
| #define PACKAGE_URL "https://sourceforge.net/projects/mcj/"
| #define PROTOCOL_VERSION "3.2"
| #define RELEASE_YEAR "2021"
| #define PACKAGE "xfig"
| #define VERSION "3.2.8a"
| #define HAVE_DIRENT_H 1
| #define HAVE_STDIO_H 1
| #define HAVE_STDLIB_H 1
| #define HAVE_STRING_H 1
| #define HAVE_INTTYPES_H 1
| #define HAVE_STDINT_H 1
| #define HAVE_STRINGS_H 1
| #define HAVE_SYS_STAT_H 1
| #define HAVE_SYS_TYPES_H 1
| #define HAVE_UNISTD_H 1
| #define HAVE_SYS_TIME_H 1
| #define STDC_HEADERS 1
| /* end confdefs.h.  */
| #include <stddef.h>
| #ifdef HAVE_STDIO_H
| # include <stdio.h>
| #endif
| #ifdef HAVE_STDLIB_H
| # include <stdlib.h>
| #endif
| #ifdef HAVE_STRING_H
| # include <string.h>
| #endif
| #ifdef HAVE_INTTYPES_H
| # include <inttypes.h>
| #endif
| #ifdef HAVE_STDINT_H
| # include <stdint.h>
| #endif
| #ifdef HAVE_STRINGS_H
| # include <strings.h>
| #endif
| #ifdef HAVE_SYS_TYPES_H
| # include <sys/types.h>
| #endif
| #ifdef HAVE_SYS_STAT_H
| # include <sys/stat.h>
| #endif
| #ifdef HAVE_UNISTD_H
| # include <unistd.h>
| #endif
| 
| #include <ghostscript/iapi.h>
configure:5831: result: no
configure:5910: checking for jpeglib.h
configure:5910: gcc -c -g -O2  conftest.c >&5
conftest.c:54:10: fatal error: jpeglib.h: No such file or directory
   54 | #include <jpeglib.h>
      |          ^~~~~~~~~~~
compilation terminated.
configure:5910: $? = 1
configure: failed program was:
| /* confdefs.h */
| #define PACKAGE_NAME "xfig"
| #define PACKAGE_TARNAME "xfig"
| #define PACKAGE_VERSION "3.2.8a"
| #define PACKAGE_STRING "xfig 3.2.8a"
| #define PACKAGE_BUGREPORT "thomas.loimer@tuwien.ac.at"
| #define PACKAGE_URL "https://sourceforge.net/projects/mcj/"
| #define PROTOCOL_VERSION "3.2"
| #define RELEASE_YEAR "2021"
| #define PACKAGE "xfig"
| #define VERSION "3.2.8a"
| #define HAVE_DIRENT_H 1
| #define HAVE_STDIO_H 1
| #define HAVE_STDLIB_H 1
| #define HAVE_STRING_H 1
| #define HAVE_INTTYPES_H 1
| #define HAVE_STDINT_H 1
| #define HAVE_STRINGS_H 1
| #define HAVE_SYS_STAT_H 1
| #define HAVE_SYS_TYPES_H 1
| #define HAVE_UNISTD_H 1
| #define HAVE_SYS_TIME_H 1
| #define STDC_HEADERS 1
| /* end confdefs.h.  */
| #include <stddef.h>
| #ifdef HAVE_STDIO_H
| # include <stdio.h>
| #endif
| #ifdef HAVE_STDLIB_H
| # include <stdlib.h>
| #endif
| #ifdef HAVE_STRING_H
| # include <string.h>
| #endif
| #ifdef HAVE_INTTYPES_H
| # include <inttypes.h>
| #endif
| #ifdef HAVE_STDINT_H
| # include <stdint.h>
| #endif
| #ifdef HAVE_STRINGS_H
| # include <strings.h>
| #endif
| #ifdef HAVE_SYS_TYPES_H
| # include <sys/types.h>
| #endif
| #ifdef HAVE_SYS_STAT_H
| # include <sys/stat.h>
| #endif
| #ifdef HAVE_UNISTD_H
| # include <unistd.h>
| #endif
| 
| #include <jpeglib.h>
configure:5910: result: no
configure:5986: checking for png.h
configure:5986: gcc -c -g -O2  conftest.c >&5
conftest.c:54:10: fatal error: png.h: No such file or directory
   54 | #include <png.h>
      |          ^~~~~~~
compilation terminated.
configure:5986: $? = 1
configure: failed program was:
| /* confdefs.h */
| #define PACKAGE_NAME "xfig"
| #define PACKAGE_TARNAME "xfig"
| #define PACKAGE_VERSION "3.2.8a"
| #define PACKAGE_STRING "xfig 3.2.8a"
| #define PACKAGE_BUGREPORT "thomas.loimer@tuwien.ac.at"
| #define PACKAGE_URL "https://sourceforge.net/projects/mcj/"
| #define PROTOCOL_VERSION "3.2"
| #define RELEASE_YEAR "2021"
| #define PACKAGE "xfig"
| #define VERSION "3.2.8a"
| #define HAVE_DIRENT_H 1
| #define HAVE_STDIO_H 1
| #define HAVE_STDLIB_H 1
| #define HAVE_STRING_H 1
| #define HAVE_INTTYPES_H 1
| #define HAVE_STDINT_H 1
| #define HAVE_STRINGS_H 1
| #define HAVE_SYS_STAT_H 1
| #define HAVE_SYS_TYPES_H 1
| #define HAVE_UNISTD_H 1
| #define HAVE_SYS_TIME_H 1
| #define STDC_HEADERS 1
| /* end confdefs.h.  */
| #include <stddef.h>
| #ifdef HAVE_STDIO_H
| # include <stdio.h>
| #endif
| #ifdef HAVE_STDLIB_H
| # include <stdlib.h>
| #endif
| #ifdef HAVE_STRING_H
| # include <string.h>
| #endif
| #ifdef HAVE_INTTYPES_H
| # include <inttypes.h>
| #endif
| #ifdef HAVE_STDINT_H
| # include <stdint.h>
| #endif
| #ifdef HAVE_STRINGS_H
| # include <strings.h>
| #endif
| #ifdef HAVE_SYS_TYPES_H
| # include <sys/types.h>
| #endif
| #ifdef HAVE_SYS_STAT_H
| # include <sys/stat.h>
| #endif
| #ifdef HAVE_UNISTD_H
| # include <unistd.h>
| #endif
| 
| #include <png.h>
configure:5986: result: no
configure:6062: checking for tiffio.h
configure:6062: gcc -c -g -O2  conftest.c >&5
conftest.c:54:10: fatal error: tiffio.h: No such file or directory
   54 | #include <tiffio.h>
      |          ^~~~~~~~~~
compilation terminated.
configure:6062: $? = 1
configure: failed program was:
| /* confdefs.h */
| #define PACKAGE_NAME "xfig"
| #define PACKAGE_TARNAME "xfig"
| #define PACKAGE_VERSION "3.2.8a"
| #define PACKAGE_STRING "xfig 3.2.8a"
| #define PACKAGE_BUGREPORT "thomas.loimer@tuwien.ac.at"
| #define PACKAGE_URL "https://sourceforge.net/projects/mcj/"
| #define PROTOCOL_VERSION "3.2"
| #define RELEASE_YEAR "2021"
| #define PACKAGE "xfig"
| #define VERSION "3.2.8a"
| #define HAVE_DIRENT_H 1
| #define HAVE_STDIO_H 1
| #define HAVE_STDLIB_H 1
| #define HAVE_STRING_H 1
| #define HAVE_INTTYPES_H 1
| #define HAVE_STDINT_H 1
| #define HAVE_STRINGS_H 1
| #define HAVE_SYS_STAT_H 1
| #define HAVE_SYS_TYPES_H 1
| #define HAVE_UNISTD_H 1
| #define HAVE_SYS_TIME_H 1
| #define STDC_HEADERS 1
| /* end confdefs.h.  */
| #include <stddef.h>
| #ifdef HAVE_STDIO_H
| # include <stdio.h>
| #endif
| #ifdef HAVE_STDLIB_H
| # include <stdlib.h>
| #endif
| #ifdef HAVE_STRING_H
| # include <string.h>
| #endif
| #ifdef HAVE_INTTYPES_H
| # include <inttypes.h>
| #endif
| #ifdef HAVE_STDINT_H
| # include <stdint.h>
| #endif
| #ifdef HAVE_STRINGS_H
| # include <strings.h>
| #endif
| #ifdef HAVE_SYS_TYPES_H
| # include <sys/types.h>
| #endif
| #ifdef HAVE_SYS_STAT_H
| # include <sys/stat.h>
| #endif
| #ifdef HAVE_UNISTD_H
| # include <unistd.h>
| #endif
| 
| #include <tiffio.h>
configure:6062: result: no
configure:6140: checking whether byte ordering is bigendian
configure:6156: gcc -c -g -O2  conftest.c >&5
conftest.c:26:9: error: unknown type name 'not'
   26 |         not a universal capable compiler
      |         ^~~
conftest.c:26:15: error: expected '=', ',', ';', 'asm' or '__attribute__' before 'universal'
   26 |         not a universal capable compiler
      |               ^~~~~~~~~
conftest.c:26:15: error: unknown type name 'universal'
configure:6156: $? = 1
configure: failed program was:
| /* confdefs.h */
| #define PACKAGE_NAME "xfig"
| #define PACKAGE_TARNAME "xfig"
| #define PACKAGE_VERSION "3.2.8a"
| #define PACKAGE_STRING "xfig 3.2.8a"
| #define PACKAGE_BUGREPORT "thomas.loimer@tuwien.ac.at"
| #define PACKAGE_URL "https://sourceforge.net/projects/mcj/"
| #define PROTOCOL_VERSION "3.2"
| #define RELEASE_YEAR "2021"
| #define PACKAGE "xfig"
| #define VERSION "3.2.8a"
| #define HAVE_DIRENT_H 1
| #define HAVE_STDIO_H 1
| #define HAVE_STDLIB_H 1
| #define HAVE_STRING_H 1
| #define HAVE_INTTYPES_H 1
| #define HAVE_STDINT_H 1
| #define HAVE_STRINGS_H 1
| #define HAVE_SYS_STAT_H 1
| #define HAVE_SYS_TYPES_H 1
| #define HAVE_UNISTD_H 1
| #define HAVE_SYS_TIME_H 1
| #define STDC_HEADERS 1
| /* end confdefs.h.  */
| #ifndef __APPLE_CC__
| 	       not a universal capable compiler
| 	     #endif
| 	     typedef int dummy;
| 
configure:6202: gcc -c -g -O2  conftest.c >&5
configure:6202: $? = 0
configure:6221: gcc -c -g -O2  conftest.c >&5
conftest.c: In function 'main':
conftest.c:32:4: error: unknown type name 'not'; did you mean 'ino_t'?
   32 |    not big endian
      |    ^~~
      |    ino_t
conftest.c:32:12: error: expected '=', ',', ';', 'asm' or '__attribute__' before 'endian'
   32 |    not big endian
      |            ^~~~~~
configure:6221: $? = 1
configure: failed program was:
| /* confdefs.h */
| #define PACKAGE_NAME "xfig"
| #define PACKAGE_TARNAME "xfig"
| #define PACKAGE_VERSION "3.2.8a"
| #define PACKAGE_STRING "xfig 3.2.8a"
| #define PACKAGE_BUGREPORT "thomas.loimer@tuwien.ac.at"
| #define PACKAGE_URL "https://sourceforge.net/projects/mcj/"
| #define PROTOCOL_VERSION "3.2"
| #define RELEASE_YEAR "2021"
| #define PACKAGE "xfig"
| #define VERSION "3.2.8a"
| #define HAVE_DIRENT_H 1
| #define HAVE_STDIO_H 1
| #define HAVE_STDLIB_H 1
| #define HAVE_STRING_H 1
| #define HAVE_INTTYPES_H 1
| #define HAVE_STDINT_H 1
| #define HAVE_STRINGS_H 1
| #define HAVE_SYS_STAT_H 1
| #define HAVE_SYS_TYPES_H 1
| #define HAVE_UNISTD_H 1
| #define HAVE_SYS_TIME_H 1
| #define STDC_HEADERS 1
| /* end confdefs.h.  */
| #include <sys/types.h>
| 		#include <sys/param.h>
| 
| int
| main (void)
| {
| #if BYTE_ORDER != BIG_ENDIAN
| 		 not big endian
| 		#endif
| 
|   ;
|   return 0;
| }
configure:6355: result: no
configure:6373: checking for inline
configure:6399: result: inline
configure:6417: checking for C/C++ restrict keyword
configure:6447: gcc -c -g -O2  conftest.c >&5
configure:6447: $? = 0
configure:6456: result: __restrict__
configure:6468: checking for pid_t
configure:6468: gcc -c -g -O2  conftest.c >&5
configure:6468: $? = 0
configure:6468: gcc -c -g -O2  conftest.c >&5
conftest.c: In function 'main':
conftest.c:58:20: error: expected expression before ')' token
   58 | if (sizeof ((pid_t)))
      |                    ^
configure:6468: $? = 1
configure: failed program was:
| /* confdefs.h */
| #define PACKAGE_NAME "xfig"
| #define PACKAGE_TARNAME "xfig"
| #define PACKAGE_VERSION "3.2.8a"
| #define PACKAGE_STRING "xfig 3.2.8a"
| #define PACKAGE_BUGREPORT "thomas.loimer@tuwien.ac.at"
| #define PACKAGE_URL "https://sourceforge.net/projects/mcj/"
| #define PROTOCOL_VERSION "3.2"
| #define RELEASE_YEAR "2021"
| #define PACKAGE "xfig"
| #define VERSION "3.2.8a"
| #define HAVE_DIRENT_H 1
| #define HAVE_STDIO_H 1
| #define HAVE_STDLIB_H 1
| #define HAVE_STRING_H 1
| #define HAVE_INTTYPES_H 1
| #define HAVE_STDINT_H 1
| #define HAVE_STRINGS_H 1
| #define HAVE_SYS_STAT_H 1
| #define HAVE_SYS_TYPES_H 1
| #define HAVE_UNISTD_H 1
| #define HAVE_SYS_TIME_H 1
| #define STDC_HEADERS 1
| #define restrict __restrict__
| /* end confdefs.h.  */
| #include <stddef.h>
| #ifdef HAVE_STDIO_H
| # include <stdio.h>
| #endif
| #ifdef HAVE_STDLIB_H
| # include <stdlib.h>
| #endif
| #ifdef HAVE_STRING_H
| # include <string.h>
| #endif
| #ifdef HAVE_INTTYPES_H
| # include <inttypes.h>
| #endif
| #ifdef HAVE_STDINT_H
| # include <stdint.h>
| #endif
| #ifdef HAVE_STRINGS_H
| # include <strings.h>
| #endif
| #ifdef HAVE_SYS_TYPES_H
| # include <sys/types.h>
| #endif
| #ifdef HAVE_SYS_STAT_H
| # include <sys/stat.h>
| #endif
| #ifdef HAVE_UNISTD_H
| # include <unistd.h>
| #endif
| 
| int
| main (void)
| {
| if (sizeof ((pid_t)))
| 	    return 0;
|   ;
|   return 0;
| }
configure:6468: result: yes
configure:6504: checking for size_t
configure:6504: gcc -c -g -O2  conftest.c >&5
configure:6504: $? = 0
configure:6504: gcc -c -g -O2  conftest.c >&5
conftest.c: In function 'main':
conftest.c:57:21: error: expected expression before ')' token
   57 | if (sizeof ((size_t)))
      |                     ^
configure:6504: $? = 1
configure: failed program was:
| /* confdefs.h */
| #define PACKAGE_NAME "xfig"
| #define PACKAGE_TARNAME "xfig"
| #define PACKAGE_VERSION "3.2.8a"
| #define PACKAGE_STRING "xfig 3.2.8a"
| #define PACKAGE_BUGREPORT "thomas.loimer@tuwien.ac.at"
| #define PACKAGE_URL "https://sourceforge.net/projects/mcj/"
| #define PROTOCOL_VERSION "3.2"
| #define RELEASE_YEAR "2021"
| #define PACKAGE "xfig"
| #define VERSION "3.2.8a"
| #define HAVE_DIRENT_H 1
| #define HAVE_STDIO_H 1
| #define HAVE_STDLIB_H 1
| #define HAVE_STRING_H 1
| #define HAVE_INTTYPES_H 1
| #define HAVE_STDINT_H 1
| #define HAVE_STRINGS_H 1
| #define HAVE_SYS_STAT_H 1
| #define HAVE_SYS_TYPES_H 1
| #define HAVE_UNISTD_H 1
| #define HAVE_SYS_TIME_H 1
| #define STDC_HEADERS 1
| #define restrict __restrict__
| /* end confdefs.h.  */
| #include <stddef.h>
| #ifdef HAVE_STDIO_H
| # include <stdio.h>
| #endif
| #ifdef HAVE_STDLIB_H
| # include <stdlib.h>
| #endif
| #ifdef HAVE_STRING_H
| # include <string.h>
| #endif
| #ifdef HAVE_INTTYPES_H
| # include <inttypes.h>
| #endif
| #ifdef HAVE_STDINT_H
| # include <stdint.h>
| #endif
| #ifdef HAVE_STRINGS_H
| # include <strings.h>
| #endif
| #ifdef HAVE_SYS_TYPES_H
| # include <sys/types.h>
| #endif
| #ifdef HAVE_SYS_STAT_H
| # include <sys/stat.h>
| #endif
| #ifdef HAVE_UNISTD_H
| # include <unistd.h>
| #endif
| int
| main (void)
| {
| if (sizeof ((size_t)))
| 	    return 0;
|   ;
|   return 0;
| }
configure:6504: result: yes
configure:6514: checking for gcc options needed to detect all undeclared functions
configure:6536: gcc -c -g -O2   conftest.c >&5
conftest.c: In function 'main':
conftest.c:30:8: error: 'strchr' undeclared (first use in this function)
   30 | (void) strchr;
      |        ^~~~~~
conftest.c:1:1: note: 'strchr' is defined in header '<string.h>'; did you forget to '#include <string.h>'?
    1 | /* confdefs.h */
conftest.c:30:8: note: each undeclared identifier is reported only once for each function it appears in
   30 | (void) strchr;
      |        ^~~~~~
configure:6536: $? = 1
configure: failed program was:
| /* confdefs.h */
| #define PACKAGE_NAME "xfig"
| #define PACKAGE_TARNAME "xfig"
| #define PACKAGE_VERSION "3.2.8a"
| #define PACKAGE_STRING "xfig 3.2.8a"
| #define PACKAGE_BUGREPORT "thomas.loimer@tuwien.ac.at"
| #define PACKAGE_URL "https://sourceforge.net/projects/mcj/"
| #define PROTOCOL_VERSION "3.2"
| #define RELEASE_YEAR "2021"
| #define PACKAGE "xfig"
| #define VERSION "3.2.8a"
| #define HAVE_DIRENT_H 1
| #define HAVE_STDIO_H 1
| #define HAVE_STDLIB_H 1
| #define HAVE_STRING_H 1
| #define HAVE_INTTYPES_H 1
| #define HAVE_STDINT_H 1
| #define HAVE_STRINGS_H 1
| #define HAVE_SYS_STAT_H 1
| #define HAVE_SYS_TYPES_H 1
| #define HAVE_UNISTD_H 1
| #define HAVE_SYS_TIME_H 1
| #define STDC_HEADERS 1
| #define restrict __restrict__
| /* end confdefs.h.  */
| 
| int
| main (void)
| {
| (void) strchr;
|   ;
|   return 0;
| }
configure:6563: gcc -c -g -O2   conftest.c >&5
configure:6563: $? = 0
configure:6580: result: none needed
configure:6594: checking whether S_IFDIR is declared
configure:6594: gcc -c -g -O2   conftest.c >&5
configure:6594: $? = 0
configure:6594: result: yes
configure:6603: checking whether S_IWRITE is declared
configure:6603: gcc -c -g -O2   conftest.c >&5
configure:6603: $? = 0
configure:6603: result: yes
configure:6612: checking whether REG_NOERROR is declared
configure:6612: gcc -c -g -O2   conftest.c >&5
configure:6612: $? = 0
configure:6612: result: yes
configure:6626: checking whether the linker accepts -Wl,--allow-multiple-definition
configure:6646: gcc -o conftest -g -O2    -Wl,--allow-multiple-definition conftest.c -lm  >&5
configure:6646: $? = 0
configure:6656: result: yes
configure:6678: checking for fork
configure:6678: gcc -o conftest -g -O2   conftest.c -lm  >&5
conftest.c:44:6: warning: conflicting types for built-in function 'fork'; expected 'int(void)' [-Wbuiltin-declaration-mismatch]
   44 | char fork ();
      |      ^~~~
configure:6678: $? = 0
configure:6678: result: yes
configure:6678: checking for vfork
configure:6678: gcc -o conftest -g -O2   conftest.c -lm  >&5
configure:6678: $? = 0
configure:6678: result: yes
configure:6678: checking for getcwd
configure:6678: gcc -o conftest -g -O2   conftest.c -lm  >&5
configure:6678: $? = 0
configure:6678: result: yes
configure:6678: checking for setlocale
configure:6678: gcc -o conftest -g -O2   conftest.c -lm  >&5
configure:6678: $? = 0
configure:6678: result: yes
configure:6678: checking for strerror
configure:6678: gcc -o conftest -g -O2   conftest.c -lm  >&5
configure:6678: $? = 0
configure:6678: result: yes
configure:6691: checking for working fork
configure:6715: gcc -o conftest -g -O2   conftest.c -lm  >&5
configure:6715: $? = 0
configure:6715: ./conftest
configure:6715: $? = 0
configure:6726: result: yes
configure:6747: checking for working vfork
configure:6876: result: yes
configure:6906: checking for isascii
configure:6906: gcc -o conftest -g -O2   conftest.c -lm  >&5
conftest.c:51:6: warning: conflicting types for built-in function 'isascii'; expected 'int(int)' [-Wbuiltin-declaration-mismatch]
   51 | char isascii ();
      |      ^~~~~~~
configure:6906: $? = 0
configure:6906: result: yes
configure:6919: checking for strstr
configure:6919: gcc -o conftest -g -O2   conftest.c -lm  >&5
conftest.c:52:6: warning: conflicting types for built-in function 'strstr'; expected 'char *(const char *, const char *)' [-Wbuiltin-declaration-mismatch]
   52 | char strstr ();
      |      ^~~~~~
conftest.c:44:1: note: 'strstr' is declared in header '<string.h>'
   43 | #include <limits.h>
   44 | #undef strstr
configure:6919: $? = 0
configure:6919: result: yes
configure:6932: checking for strchr
configure:6932: gcc -o conftest -g -O2   conftest.c -lm  >&5
conftest.c:53:6: warning: conflicting types for built-in function 'strchr'; expected 'char *(const char *, int)' [-Wbuiltin-declaration-mismatch]
   53 | char strchr ();
      |      ^~~~~~
conftest.c:45:1: note: 'strchr' is declared in header '<string.h>'
   44 | #include <limits.h>
   45 | #undef strchr
configure:6932: $? = 0
configure:6932: result: yes
configure:6945: checking for strrchr
configure:6945: gcc -o conftest -g -O2   conftest.c -lm  >&5
conftest.c:54:6: warning: conflicting types for built-in function 'strrchr'; expected 'char *(const char *, int)' [-Wbuiltin-declaration-mismatch]
   54 | char strrchr ();
      |      ^~~~~~~
conftest.c:46:1: note: 'strrchr' is declared in header '<string.h>'
   45 | #include <limits.h>
   46 | #undef strrchr
configure:6945: $? = 0
configure:6945: result: yes
configure:6958: checking for strcasecmp
configure:6958: gcc -o conftest -g -O2   conftest.c -lm  >&5
conftest.c:55:6: warning: conflicting types for built-in function 'strcasecmp'; expected 'int(const char *, const char *)' [-Wbuiltin-declaration-mismatch]
   55 | char strcasecmp ();
      |      ^~~~~~~~~~
configure:6958: $? = 0
configure:6958: result: yes
configure:6971: checking for strncasecmp
configure:6971: gcc -o conftest -g -O2   conftest.c -lm  >&5
conftest.c:56:6: warning: conflicting types for built-in function 'strncasecmp'; expected 'int(const char *, const char *, long unsigned int)' [-Wbuiltin-declaration-mismatch]
   56 | char strncasecmp ();
      |      ^~~~~~~~~~~
configure:6971: $? = 0
configure:6971: result: yes
configure:6984: checking for strdup
configure:6984: gcc -o conftest -g -O2   conftest.c -lm  >&5
conftest.c:57:6: warning: conflicting types for built-in function 'strdup'; expected 'char *(const char *)' [-Wbuiltin-declaration-mismatch]
   57 | char strdup ();
      |      ^~~~~~
configure:6984: $? = 0
configure:6984: result: yes
configure:6997: checking for strndup
configure:6997: gcc -o conftest -g -O2   conftest.c -lm  >&5
conftest.c:58:6: warning: conflicting types for built-in function 'strndup'; expected 'char *(const char *, long unsigned int)' [-Wbuiltin-declaration-mismatch]
   58 | char strndup ();
      |      ^~~~~~~
configure:6997: $? = 0
configure:6997: result: yes
configure:7123: checking for library containing XpmFree
configure:7153: gcc -o conftest -g -O2   conftest.c -lm  >&5
/bin/ld: /tmp/ccdIdKlw.o: in function `main':
/home/ubuntu/Desktop/xfig-3.2.8a/conftest.c:56: undefined reference to `XpmFree'
collect2: error: ld returned 1 exit status
configure:7153: $? = 1
configure: failed program was:
| /* confdefs.h */
| #define PACKAGE_NAME "xfig"
| #define PACKAGE_TARNAME "xfig"
| #define PACKAGE_VERSION "3.2.8a"
| #define PACKAGE_STRING "xfig 3.2.8a"
| #define PACKAGE_BUGREPORT "thomas.loimer@tuwien.ac.at"
| #define PACKAGE_URL "https://sourceforge.net/projects/mcj/"
| #define PROTOCOL_VERSION "3.2"
| #define RELEASE_YEAR "2021"
| #define PACKAGE "xfig"
| #define VERSION "3.2.8a"
| #define HAVE_DIRENT_H 1
| #define HAVE_STDIO_H 1
| #define HAVE_STDLIB_H 1
| #define HAVE_STRING_H 1
| #define HAVE_INTTYPES_H 1
| #define HAVE_STDINT_H 1
| #define HAVE_STRINGS_H 1
| #define HAVE_SYS_STAT_H 1
| #define HAVE_SYS_TYPES_H 1
| #define HAVE_UNISTD_H 1
| #define HAVE_SYS_TIME_H 1
| #define STDC_HEADERS 1
| #define restrict __restrict__
| #define HAVE_DECL_S_IFDIR 1
| #define HAVE_DECL_S_IWRITE 1
| #define HAVE_FORK 1
| #define HAVE_VFORK 1
| #define HAVE_GETCWD 1
| #define HAVE_SETLOCALE 1
| #define HAVE_STRERROR 1
| #define HAVE_WORKING_VFORK 1
| #define HAVE_WORKING_FORK 1
| #define HAVE_ISASCII 1
| #define HAVE_STRSTR 1
| #define HAVE_STRCHR 1
| #define HAVE_STRRCHR 1
| #define HAVE_STRCASECMP 1
| #define HAVE_STRNCASECMP 1
| #define HAVE_STRDUP 1
| #define HAVE_STRNDUP 1
| #define ARROWS4TO14 1
| #define I18N 1
| #define I18N_USE_PREEDIT 1
| #define GSEXE "gs"
| #define CACHE_SIZE_LIMIT 20000
| /* end confdefs.h.  */
| 
| /* Override any GCC internal prototype to avoid an error.
|    Use char because int might match the return type of a GCC
|    builtin and then its argument prototype would still apply.  */
| char XpmFree ();
| int
| main (void)
| {
| return XpmFree ();
|   ;
|   return 0;
| }
configure:7153: gcc -o conftest -g -O2   conftest.c -lXpm  -lm  >&5
configure:7153: $? = 0
configure:7173: result: -lXpm
configure:7664: checking that generated files are newer than configure
configure:7670: result: done
configure:7734: creating ./config.status

## ---------------------- ##
## Running config.status. ##
## ---------------------- ##

This file was extended by xfig config.status 3.2.8a, which was
generated by GNU Autoconf 2.71.  Invocation command line was

  CONFIG_FILES    = 
  CONFIG_HEADERS  = 
  CONFIG_LINKS    = 
  CONFIG_COMMANDS = 
  $ ./config.status 

on ip-172-31-89-159

config.status:935: creating Makefile
config.status:935: creating app-defaults/Fig
config.status:935: creating splash-image/spl_bckgnd.fig
config.status:935: creating src/Makefile
config.status:935: creating src/version.fig
config.status:935: creating doc/html/images/xfig-title.fig
config.status:935: creating doc/Makefile
config.status:935: creating doc/xfig.man
config.status:935: creating doc/xfig_man.html
config.status:935: creating tests/Makefile
config.status:935: creating tests/atlocal
config.status:935: creating config.h
config.status:1116: config.h is unchanged
config.status:1164: executing depfiles commands
config.status:1241: cd src       && sed -e '/# am--include-marker/d' Makefile         | make -f - am--depfiles
make: Nothing to be done for 'am--depfiles'.
config.status:1246: $? = 0
config.status:1241: cd tests       && sed -e '/# am--include-marker/d' Makefile         | make -f - am--depfiles
make: Nothing to be done for 'am--depfiles'.
config.status:1246: $? = 0
config.status:1164: executing tests/atconfig commands
configure:9088:
  Compile, CC=gcc XCPPFLAGS=-DXAW_INTERNATIONALIZATION \
	CPPFLAGS=<empty> CFLAGS=-g -O2
  Link, gcc CFLAGS=-g -O2 XLDFLAGS=<empty> \
	LDFLAGS=<empty> <object> \
	XLIBS=-lXaw3d -lXt -lX11 LIBS=-lXpm -lm 

Installation locations:
  /etc/X11/app-defaults/ Fig	(--with-appdefaultdir)
  /usr/share/applications/ xfig.desktop	(--with-applicationsdir)
  /usr/share/pixmaps/ xfig.png	(--with-icondir)
  /usr/share/xfig/ Libraries (--datarootdir)
  /usr/share/doc/xfig/ html	(--htmldir)
  /usr/share/doc/xfig/ doc-files	(--docdir)

## ---------------- ##
## Cache variables. ##
## ---------------- ##

ac_cv_c_bigendian=no
ac_cv_c_compiler_gnu=yes
ac_cv_c_inline=inline
ac_cv_c_restrict=__restrict__
ac_cv_c_undeclared_builtin_options='none needed'
ac_cv_env_CC_set=
ac_cv_env_CC_value=
ac_cv_env_CFLAGS_set=
ac_cv_env_CFLAGS_value=
ac_cv_env_CPPFLAGS_set=
ac_cv_env_CPPFLAGS_value=
ac_cv_env_CPP_set=
ac_cv_env_CPP_value=
ac_cv_env_LDFLAGS_set=
ac_cv_env_LDFLAGS_value=
ac_cv_env_LIBS_set=
ac_cv_env_LIBS_value=
ac_cv_env_XMKMF_set=
ac_cv_env_XMKMF_value=
ac_cv_env_build_alias_set=
ac_cv_env_build_alias_value=
ac_cv_env_host_alias_set=
ac_cv_env_host_alias_value=
ac_cv_env_target_alias_set=
ac_cv_env_target_alias_value=
ac_cv_func_fork=yes
ac_cv_func_fork_works=yes
ac_cv_func_getcwd=yes
ac_cv_func_isascii=yes
ac_cv_func_setlocale=yes
ac_cv_func_strcasecmp=yes
ac_cv_func_strchr=yes
ac_cv_func_strdup=yes
ac_cv_func_strerror=yes
ac_cv_func_strncasecmp=yes
ac_cv_func_strndup=yes
ac_cv_func_strrchr=yes
ac_cv_func_strstr=yes
ac_cv_func_vfork=yes
ac_cv_func_vfork_works=yes
ac_cv_have_decl_REG_NOERROR=yes
ac_cv_have_decl_S_IFDIR=yes
ac_cv_have_decl_S_IWRITE=yes
ac_cv_have_x='have_x=yes	ac_x_includes='\'''\''	ac_x_libraries='\'''\'''
ac_cv_header_X11_X_h=yes
ac_cv_header_dirent_dirent_h=yes
ac_cv_header_ghostscript_iapi_h=no
ac_cv_header_inttypes_h=yes
ac_cv_header_jpeglib_h=no
ac_cv_header_png_h=no
ac_cv_header_stdint_h=yes
ac_cv_header_stdio_h=yes
ac_cv_header_stdlib_h=yes
ac_cv_header_string_h=yes
ac_cv_header_strings_h=yes
ac_cv_header_sys_stat_h=yes
ac_cv_header_sys_time_h=yes
ac_cv_header_sys_types_h=yes
ac_cv_header_tiffio_h=no
ac_cv_header_unistd_h=yes
ac_cv_header_vfork_h=no
ac_cv_objext=o
ac_cv_path_FGREP='/bin/grep -F'
ac_cv_path_GREP=/bin/grep
ac_cv_path_SED=/bin/sed
ac_cv_path_install='/bin/install -c'
ac_cv_path_mkdir=/bin/mkdir
ac_cv_prog_AWK=gawk
ac_cv_prog_CPP='gcc -E'
ac_cv_prog_ac_ct_AR=ar
ac_cv_prog_ac_ct_CC=gcc
ac_cv_prog_ac_ct_RANLIB=ranlib
ac_cv_prog_cc_c11=
ac_cv_prog_cc_g=yes
ac_cv_prog_cc_stdc=
ac_cv_prog_make_make_set=yes
ac_cv_search_XpmFree=-lXpm
ac_cv_search_opendir='none required'
ac_cv_search_pow=-lm
ac_cv_type_pid_t=yes
ac_cv_type_size_t=yes
am_cv_CC_dependencies_compiler_type=gcc3
am_cv_ar_interface=ar
am_cv_make_support_nested_variables=yes
am_cv_prog_cc_c_o=yes
ax_cv_check_ldflags___Wl___allow_multiple_definition=yes

## ----------------- ##
## Output variables. ##
## ----------------- ##

.BR "\-ghostscript """"" .'
ACLOCAL='${SHELL} '\''/home/ubuntu/Desktop/xfig-3.2.8a/missing'\'' aclocal-1.16'
ALLOW_MULTIPLE_DEFINITION_FALSE='#'
ALLOW_MULTIPLE_DEFINITION_TRUE=''
AMDEPBACKSLASH='\'
AMDEP_FALSE='#'
AMDEP_TRUE=''
AMTAR='$${TAR-tar}'
AM_BACKSLASH='\'
AM_DEFAULT_V='$(AM_DEFAULT_VERBOSITY)'
AM_DEFAULT_VERBOSITY='1'
AM_V='$(V)'
APPDEFAULTDIR='/etc/X11/app-defaults'
APPLICATIONSDIR='/usr/share/applications'
AR='ar'
AUTOCONF='${SHELL} '\''/home/ubuntu/Desktop/xfig-3.2.8a/missing'\'' autoconf'
AUTOHEADER='${SHELL} '\''/home/ubuntu/Desktop/xfig-3.2.8a/missing'\'' autoheader'
AUTOM4TE='${SHELL} '\''/home/ubuntu/Desktop/xfig-3.2.8a/missing'\'' autom4te'
AUTOMAKE='${SHELL} '\''/home/ubuntu/Desktop/xfig-3.2.8a/missing'\'' automake-1.16'
AWK='gawk'
CC='gcc'
CCDEPMODE='depmode=gcc3'
CFLAGS='-g -O2'
COMPKEYDBDIR='/usr/share/xfig'
CPP='gcc -E'
CPPFLAGS=''
CYGPATH_W='echo'
DEFS='-DHAVE_CONFIG_H'
DEPDIR='.deps'
DOCDIR='/usr/share/doc/xfig'
ECHO_C=''
ECHO_N='-n'
ECHO_T=''
ENABLE_VERSIONING_FALSE=''
ENABLE_VERSIONING_TRUE='#'
EXEEXT=''
FGREP='/bin/grep -F'
GREP='/bin/grep'
GSEXE='gs'
HAVE_JPEG_FALSE=''
HAVE_JPEG_TRUE='#'
HAVE_PNG_FALSE=''
HAVE_PNG_TRUE='#'
HAVE_TIFF_FALSE=''
HAVE_TIFF_TRUE='#'
HTMLDIR='/usr/share/doc/xfig'
I18N_FALSE='#'
I18N_TRUE=''
ICONDIR='/usr/share/pixmaps'
INSTALL_DATA='${INSTALL} -m 644'
INSTALL_PROGRAM='${INSTALL}'
INSTALL_SCRIPT='${INSTALL}'
INSTALL_STRIP_PROGRAM='$(install_sh) -c -s'
LDFLAGS=''
LIBOBJS=''
LIBS='-lXpm -lm '
LN_S='ln -s'
LTLIBOBJS=''
MAKEINFO='${SHELL} '\''/home/ubuntu/Desktop/xfig-3.2.8a/missing'\'' makeinfo'
MKDIR_P='/bin/mkdir -p'
OBJEXT='o'
PACKAGE='xfig'
PACKAGE_BUGREPORT='thomas.loimer@tuwien.ac.at'
PACKAGE_NAME='xfig'
PACKAGE_STRING='xfig 3.2.8a'
PACKAGE_TARNAME='xfig'
PACKAGE_URL='https://sourceforge.net/projects/mcj/'
PACKAGE_VERSION='3.2.8a'
PATH_SEPARATOR=':'
PKGDATADIR='/usr/share/xfig'
PostScript files. To disable calling ghostscript, set to the empty string,
RANLIB='ranlib'
RELEASE_DATE='Mar 2021'
RELEASE_YEAR='2021'
SED='/bin/sed'
SET_MAKE=''
SHELL='/bin/bash'
STRIP=''
USE_SPLASH_FALSE=''
USE_SPLASH_TRUE='#'
USE_XPM_FALSE='#'
USE_XPM_TRUE=''
VERSION='3.2.8a'
XAW3D1_5E_FALSE='#'
XAW3D1_5E_TRUE=''
XCPPFLAGS='-DXAW_INTERNATIONALIZATION'
XFIG_LIBRARIES_FALSE='#'
XFIG_LIBRARIES_TRUE=''
XLDFLAGS=''
XLIBS='-lXaw3d -lXt -lX11'
XMKMF=''
ac_ct_AR='ar'
ac_ct_CC='gcc'
am__EXEEXT_FALSE=''
am__EXEEXT_TRUE='#'
am__fastdepCC_FALSE='#'
am__fastdepCC_TRUE=''
am__include='include'
am__isrc=''
am__leading_dot='.'
am__nodep='_no'
am__quote=''
am__tar='$${TAR-tar} chof - "$$tardir"'
am__untar='$${TAR-tar} xf -'
appdefaultdir='/etc/X11/app-defaults'
applicationsdir='${datarootdir}/applications'
bindir='${exec_prefix}/bin'
build_alias=''
compkeydbdir='${datadir}/xfig'
datadir='${datarootdir}'
datarootdir='${prefix}/share'
docdir='${datarootdir}/doc/${PACKAGE_TARNAME}'
dvidir='${docdir}'
exec_prefix='${prefix}'
gsman='This is needed when importing PDF or Encapsulated
host_alias=''
htmldir='${docdir}'
icondir='${datarootdir}/pixmaps'
includedir='${prefix}/include'
infodir='${datarootdir}/info'
install_sh='${SHELL} /home/ubuntu/Desktop/xfig-3.2.8a/install-sh'
libdir='${exec_prefix}/lib'
libexecdir='${exec_prefix}/libexec'
localedir='${datarootdir}/locale'
localstatedir='${prefix}/var'
mandir='${datarootdir}/man'
mkdir_p='$(MKDIR_P)'
oldincludedir='/usr/include'
pdfdir='${docdir}'
prefix='/usr'
program_transform_name='s,x,x,'
psdir='${docdir}'
runstatedir='${localstatedir}/run'
sbindir='${exec_prefix}/sbin'
sharedstatedir='${prefix}/com'
sysconfdir='${prefix}/etc'
target_alias=''

## ----------- ##
## confdefs.h. ##
## ----------- ##

/* confdefs.h */
#define PACKAGE_NAME "xfig"
#define PACKAGE_TARNAME "xfig"
#define PACKAGE_VERSION "3.2.8a"
#define PACKAGE_STRING "xfig 3.2.8a"
#define PACKAGE_BUGREPORT "thomas.loimer@tuwien.ac.at"
#define PACKAGE_URL "https://sourceforge.net/projects/mcj/"
#define PROTOCOL_VERSION "3.2"
#define RELEASE_YEAR "2021"
#define PACKAGE "xfig"
#define VERSION "3.2.8a"
#define HAVE_DIRENT_H 1
#define HAVE_STDIO_H 1
#define HAVE_STDLIB_H 1
#define HAVE_STRING_H 1
#define HAVE_INTTYPES_H 1
#define HAVE_STDINT_H 1
#define HAVE_STRINGS_H 1
#define HAVE_SYS_STAT_H 1
#define HAVE_SYS_TYPES_H 1
#define HAVE_UNISTD_H 1
#define HAVE_SYS_TIME_H 1
#define STDC_HEADERS 1
#define restrict __restrict__
#define HAVE_DECL_S_IFDIR 1
#define HAVE_DECL_S_IWRITE 1
#define HAVE_FORK 1
#define HAVE_VFORK 1
#define HAVE_GETCWD 1
#define HAVE_SETLOCALE 1
#define HAVE_STRERROR 1
#define HAVE_WORKING_VFORK 1
#define HAVE_WORKING_FORK 1
#define HAVE_ISASCII 1
#define HAVE_STRSTR 1
#define HAVE_STRCHR 1
#define HAVE_STRRCHR 1
#define HAVE_STRCASECMP 1
#define HAVE_STRNCASECMP 1
#define HAVE_STRDUP 1
#define HAVE_STRNDUP 1
#define ARROWS4TO14 1
#define I18N 1
#define I18N_USE_PREEDIT 1
#define GSEXE "gs"
#define CACHE_SIZE_LIMIT 20000
#define USE_XPM 1
#define XAW3D 1
#define XAW3D1_5E 1
#define COMP_LED 3
#define PRINTCAP "/etc/printcap"

configure: exit 0
